<?xml version="1.0" encoding="UTF-8"?>
<!-- Generated by org.testng.reporters.JUnitReportReporter -->
<testsuite skipped="0" hostname="LAPTOP-HTR85R0L" name="DeleteCustomer.DeleteCustomer" tests="1" failures="0" timestamp="2022-10-29T12:54:06 IST" time="0.010" errors="0">
  <testcase name="DeleteCustomerTest" time="0.010" classname="DeleteCustomer.DeleteCustomer"/>
  <system-out/>
</testsuite> <!-- DeleteCustomer.DeleteCustomer -->
