<?xml version="1.0" encoding="UTF-8"?>
<!-- Generated by org.testng.reporters.JUnitReportReporter -->
<testsuite skipped="0" hostname="LAPTOP-HTR85R0L" name="CreateCustomer.CreateCustomer" tests="1" failures="0" timestamp="2022-10-29T12:54:06 IST" time="0.001" errors="0">
  <testcase name="CreateCustomerTest" time="0.001" classname="CreateCustomer.CreateCustomer"/>
  <system-out/>
</testsuite> <!-- CreateCustomer.CreateCustomer -->
