<?xml version="1.0" encoding="UTF-8"?>
<!-- Generated by org.testng.reporters.JUnitReportReporter -->
<testsuite skipped="0" hostname="LAPTOP-HTR85R0L" name="ModifyCustomer.ModifyCustomer" tests="1" failures="0" timestamp="2022-10-29T12:54:06 IST" time="0.002" errors="0">
  <testcase name="ModifyCustomerTest" time="0.002" classname="ModifyCustomer.ModifyCustomer"/>
  <system-out/>
</testsuite> <!-- ModifyCustomer.ModifyCustomer -->
