<?xml version="1.0" encoding="UTF-8"?>
<!-- Generated by org.testng.reporters.JUnitReportReporter -->
<testsuite hostname="DESKTOP-KRS7JII" failures="0" tests="1" name="nopCommerce.demobb" time="0.025" errors="0" timestamp="2022-09-23T19:49:58 IST" skipped="0">
  <testcase classname="nopCommerce.demobb" name="createcust" time="0.025"/>
  <system-out/>
</testsuite> <!-- nopCommerce.demobb -->
